<?xml version="1.0" encoding="UTF-8"?>
<!-- Generated by org.testng.reporters.JUnitXMLReporter -->
<testsuite hostname="Divyas-MacBook-Pro.local" ignored="0" tests="9" failures="0" timestamp="2019-12-16T21:23:46 PST" time="230.79" errors="0">
  <testcase name="ClickAction" time="19.866" classname="Mobile_AssignmentTest"/>
  <testcase name="contactScrolling" time="47.297" classname="Mobile_AssignmentTest"/>
  <testcase name="SwipeAction" time="11.996" classname="Mobile_AssignmentTest"/>
  <testcase name="multitouchAction" time="16.098" classname="Mobile_AssignmentTest"/>
  <testcase name="ZoomAction" time="47.841" classname="Mobile_AssignmentTest"/>
  <testcase name="ScreenshotAction" time="10.555" classname="Mobile_AssignmentTest"/>
  <testcase name="ScreenLock" time="25.26" classname="Mobile_AssignmentTest"/>
  <testcase name="DragandDrop" time="21.566" classname="Mobile_AssignmentTest"/>
  <testcase name="swithchApp" time="19.639" classname="Mobile_AssignmentTest"/>
</testsuite>
