<?xml version="1.0" encoding="UTF-8"?>
<!-- Generated by org.testng.reporters.JUnitXMLReporter -->
<testsuite hostname="Divyas-MacBook-Pro.local" tests="9" failures="0" timestamp="17 Dec 2019 05:14:41 GMT" time="222.279" errors="0">
  <testcase name="ClickAction" time="19.457" classname="Mobile_AssignmentTest"/>
  <testcase name="contactScrolling" time="40.442" classname="Mobile_AssignmentTest"/>
  <testcase name="SwipeAction" time="12.219" classname="Mobile_AssignmentTest"/>
  <testcase name="multitouchAction" time="15.402" classname="Mobile_AssignmentTest"/>
  <testcase name="ZoomAction" time="46.363" classname="Mobile_AssignmentTest"/>
  <testcase name="ScreenshotAction" time="10.688" classname="Mobile_AssignmentTest"/>
  <testcase name="ScreenLock" time="25.502" classname="Mobile_AssignmentTest"/>
  <testcase name="DragandDrop" time="21.251" classname="Mobile_AssignmentTest"/>
  <testcase name="swithchApp" time="20.045" classname="Mobile_AssignmentTest"/>
</testsuite>
